9 3
19 4
36 3
39 5
48 1
54 1
81 5
98 3
104 1
106 1
112 3
114 2
129 3
144 2
150 1
160 3
165 3
170 4
179 4
220 3
228 1
230 2
255 4
256 2
263 5
296 4
298 1
301 5
303 1
316 1
335 5
353 3
356 5
364 3
409 1
426 3
429 1
446 5
458 5
461 3
465 2
495 1
496 4
512 1
542 5
552 4
564 3
568 3
570 3
572 3
573 2
574 3
580 2
583 5
589 1
604 3
613 1
615 1
651 4
656 1
666 2
672 1
687 1
693 3
697 1
731 4
738 3
741 2
744 4
757 2
761 5
773 5
781 3
783 1
789 4
792 2
797 3
804 3
807 2
823 2
827 1
850 1
867 2
881 3
888 1
914 4
918 5
922 3
924 2
935 5
938 3
943 1
947 1
950 5
952 4
953 3
965 3
984 4
988 4
1007 4
1011 2
1027 2
1034 1
1036 3
1042 3
1059 4
1076 3
1088 1
1093 4
1095 3
1097 1
1118 5
1127 2
1168 3
1173 3
1177 4
1185 5
1197 1
1208 3
1217 1
1220 2
1222 1
1226 5
1242 3
1251 4
1254 2
1260 3
1271 4
1273 1
1298 3
1303 4
1317 5
1318 1
1326 3
1329 2
1331 4
1337 4
1380 3
1384 2
1395 5
1469 2
1470 4
1473 3
1474 1
1478 4
1489 1
1509 2
1511 1
1513 4
1524 1
1525 4
1531 1
1533 2
1576 2
1588 1
1595 1
1613 4
1627 3
1629 4
1630 4
1636 1
1638 4
1663 1
1676 5
1678 2
1683 1
1697 3
1717 1
1726 5
1729 4
1761 3
1799 2
